[debug] ----------------------------------------------------------------------
[debug] Command:      /Users/ricardogomez/.nvm/versions/node/v7.8.0/bin/node /Users/ricardogomez/.nvm/versions/node/v7.8.0/bin/firebase deploy
[debug] CLI Version:  3.6.0
[debug] Platform:     darwin
[debug] Node Version: v7.8.0
[debug] Time:         Sun Apr 16 2017 20:39:05 GMT-0500 (CDT)
[debug] ----------------------------------------------------------------------
[debug] 
[debug] > command requires scopes: ["email","openid","https://www.googleapis.com/auth/cloudplatformprojects.readonly","https://www.googleapis.com/auth/firebase","https://www.googleapis.com/auth/cloud-platform"]
[debug] >>> HTTP REQUEST GET https://admin.firebase.com/v1/projects/personal-site-8c2f2  
 Sun Apr 16 2017 20:39:05 GMT-0500 (CDT)
[debug] <<< HTTP RESPONSE 200
[debug] >>> HTTP REQUEST GET https://admin.firebase.com/v1/database/personal-site-8c2f2/tokens  
 Sun Apr 16 2017 20:39:06 GMT-0500 (CDT)
[debug] <<< HTTP RESPONSE 200
[info] 
[info] === Deploying to 'personal-site-8c2f2'...
[info] 
[info] i  deploying hosting
[info] i  hosting: preparing public directory for upload...
[debug] >>> HTTP REQUEST PUT https://deploy.firebase.com/v1/hosting/personal-site-8c2f2/uploads/-KhtZ32U1my-J2vIdDc1?fileCount=7613&message=  
 Sun Apr 16 2017 20:39:15 GMT-0500 (CDT)
[debug] <<< HTTP RESPONSE 200
[debug] [hosting] .tgz uploaded successfully, waiting for extraction
[info] ✔  hosting: 7613 files uploaded successfully
[info] i  starting release process (may take several minutes)...
[debug] >>> HTTP REQUEST POST https://deploy.firebase.com/v1/projects/personal-site-8c2f2/releases { hosting: 
   { public: 'public',
     version: '-KhtZ32U1my-J2vIdDc1',
     prefix: '-KhtZ32U1my-J2vIdDc1/',
     manifest: [] } } 
 Sun Apr 16 2017 20:40:00 GMT-0500 (CDT)
[debug] <<< HTTP RESPONSE 200
[info] 
[info] ✔  Deploy complete!
[info] 
[info] Project Console: https://console.firebase.google.com/project/personal-site-8c2f2/overview
[info] Hosting URL: https://personal-site-8c2f2.firebaseapp.com
